c:\users\felix\desktop\skripten\erasmus2019\rendering\take2\render02562\raytrace\debug_bunny\vc142.pdb
c:\users\felix\desktop\skripten\erasmus2019\rendering\take2\render02562\raytrace\debug_bunny\vc142.idb
c:\users\felix\desktop\skripten\erasmus2019\rendering\take2\render02562\raytrace\debug_bunny\volume.obj
c:\users\felix\desktop\skripten\erasmus2019\rendering\take2\render02562\raytrace\debug_bunny\arealight.obj
c:\users\felix\desktop\skripten\erasmus2019\rendering\take2\render02562\raytrace\debug_bunny\directional.obj
c:\users\felix\desktop\skripten\erasmus2019\rendering\take2\render02562\raytrace\debug_bunny\pointlight.obj
c:\users\felix\desktop\skripten\erasmus2019\rendering\take2\render02562\raytrace\debug_bunny\renderengine.obj
c:\users\felix\desktop\skripten\erasmus2019\rendering\take2\render02562\raytrace\debug_bunny\string_utils.obj
c:\users\felix\desktop\skripten\erasmus2019\rendering\take2\render02562\raytrace\debug_bunny\randomizer.obj
c:\users\felix\desktop\skripten\erasmus2019\rendering\take2\render02562\raytrace\debug_bunny\plane.obj
c:\users\felix\desktop\skripten\erasmus2019\rendering\take2\render02562\raytrace\debug_bunny\sphere.obj
c:\users\felix\desktop\skripten\erasmus2019\rendering\take2\render02562\raytrace\debug_bunny\triangle.obj
c:\users\felix\desktop\skripten\erasmus2019\rendering\take2\render02562\raytrace\debug_bunny\accelerator.obj
c:\users\felix\desktop\skripten\erasmus2019\rendering\take2\render02562\raytrace\debug_bunny\bsptree.obj
c:\users\felix\desktop\skripten\erasmus2019\rendering\take2\render02562\raytrace\debug_bunny\obj_load.obj
c:\users\felix\desktop\skripten\erasmus2019\rendering\take2\render02562\raytrace\debug_bunny\trimesh.obj
c:\users\felix\desktop\skripten\erasmus2019\rendering\take2\render02562\raytrace\debug_bunny\gamma.obj
c:\users\felix\desktop\skripten\erasmus2019\rendering\take2\render02562\raytrace\debug_bunny\hdrtexture.obj
c:\users\felix\desktop\skripten\erasmus2019\rendering\take2\render02562\raytrace\debug_bunny\invspheremap.obj
c:\users\felix\desktop\skripten\erasmus2019\rendering\take2\render02562\raytrace\debug_bunny\spheretexture.obj
c:\users\felix\desktop\skripten\erasmus2019\rendering\take2\render02562\raytrace\debug_bunny\texture.obj
c:\users\felix\desktop\skripten\erasmus2019\rendering\take2\render02562\raytrace\debug_bunny\raytrace.obj
c:\users\felix\desktop\skripten\erasmus2019\rendering\take2\render02562\raytrace\debug_bunny\glviewcontroller.obj
c:\users\felix\desktop\skripten\erasmus2019\rendering\take2\render02562\raytrace\debug_bunny\holdout.obj
c:\users\felix\desktop\skripten\erasmus2019\rendering\take2\render02562\raytrace\debug_bunny\mcglossy.obj
c:\users\felix\desktop\skripten\erasmus2019\rendering\take2\render02562\raytrace\debug_bunny\merlshader.obj
c:\users\felix\desktop\skripten\erasmus2019\rendering\take2\render02562\raytrace\debug_bunny\merltexture.obj
c:\users\felix\desktop\skripten\erasmus2019\rendering\take2\render02562\raytrace\debug_bunny\panoramictexture.obj
c:\users\felix\desktop\skripten\erasmus2019\rendering\take2\render02562\raytrace\debug_bunny\pathtracer.obj
c:\users\felix\desktop\skripten\erasmus2019\rendering\take2\render02562\raytrace\debug_bunny\quattrackball.obj
c:\users\felix\desktop\skripten\erasmus2019\rendering\take2\render02562\raytrace\debug_bunny\scene.obj
c:\users\felix\desktop\skripten\erasmus2019\rendering\take2\render02562\raytrace\debug_bunny\particletracer.obj
c:\users\felix\desktop\skripten\erasmus2019\rendering\take2\render02562\raytrace\debug_bunny\raycaster.obj
c:\users\felix\desktop\skripten\erasmus2019\rendering\take2\render02562\raytrace\debug_bunny\raytracer.obj
c:\users\felix\desktop\skripten\erasmus2019\rendering\take2\render02562\raytrace\debug_bunny\glossy.obj
c:\users\felix\desktop\skripten\erasmus2019\rendering\take2\render02562\raytrace\debug_bunny\glossyvolume.obj
c:\users\felix\desktop\skripten\erasmus2019\rendering\take2\render02562\raytrace\debug_bunny\lambertian.obj
c:\users\felix\desktop\skripten\erasmus2019\rendering\take2\render02562\raytrace\debug_bunny\mirror.obj
c:\users\felix\desktop\skripten\erasmus2019\rendering\take2\render02562\raytrace\debug_bunny\phong.obj
c:\users\felix\desktop\skripten\erasmus2019\rendering\take2\render02562\raytrace\debug_bunny\photoncaustics.obj
c:\users\felix\desktop\skripten\erasmus2019\rendering\take2\render02562\raytrace\debug_bunny\textured.obj
c:\users\felix\desktop\skripten\erasmus2019\rendering\take2\render02562\raytrace\debug_bunny\transparent.obj
c:\users\felix\desktop\skripten\erasmus2019\rendering\take2\render02562\raytrace\debug_bunny\brdf.obj
c:\users\felix\desktop\skripten\erasmus2019\rendering\take2\render02562\raytrace\debug_bunny\camera.obj
c:\users\felix\desktop\skripten\erasmus2019\rendering\take2\render02562\debug_bunny\raytrace.exe
c:\users\felix\desktop\skripten\erasmus2019\rendering\take2\render02562\debug_bunny\raytrace.ilk
c:\users\felix\desktop\skripten\erasmus2019\rendering\take2\render02562\debug_bunny\raytrace.pdb
c:\users\felix\desktop\skripten\erasmus2019\rendering\take2\render02562\raytrace\debug_bunny\raytrace.tlog\cl.command.1.tlog
c:\users\felix\desktop\skripten\erasmus2019\rendering\take2\render02562\raytrace\debug_bunny\raytrace.tlog\cl.read.1.tlog
c:\users\felix\desktop\skripten\erasmus2019\rendering\take2\render02562\raytrace\debug_bunny\raytrace.tlog\cl.write.1.tlog
c:\users\felix\desktop\skripten\erasmus2019\rendering\take2\render02562\raytrace\debug_bunny\raytrace.tlog\link.command.1.tlog
c:\users\felix\desktop\skripten\erasmus2019\rendering\take2\render02562\raytrace\debug_bunny\raytrace.tlog\link.read.1.tlog
c:\users\felix\desktop\skripten\erasmus2019\rendering\take2\render02562\raytrace\debug_bunny\raytrace.tlog\link.write.1.tlog
