c:\users\felix\desktop\skripten\erasmus2019\rendering\take2\render02562\raytrace\bunny\merltexture.obj
c:\users\felix\desktop\skripten\erasmus2019\rendering\take2\render02562\raytrace\bunny\glviewcontroller.obj
c:\users\felix\desktop\skripten\erasmus2019\rendering\take2\render02562\raytrace\bunny\pathtracer.obj
c:\users\felix\desktop\skripten\erasmus2019\rendering\take2\render02562\raytrace\bunny\raytracer.obj
c:\users\felix\desktop\skripten\erasmus2019\rendering\take2\render02562\raytrace\bunny\lambertian.obj
c:\users\felix\desktop\skripten\erasmus2019\rendering\take2\render02562\raytrace\bunny\textured.obj
c:\users\felix\desktop\skripten\erasmus2019\rendering\take2\render02562\raytrace\bunny\directional.obj
c:\users\felix\desktop\skripten\erasmus2019\rendering\take2\render02562\raytrace\bunny\randomizer.obj
c:\users\felix\desktop\skripten\erasmus2019\rendering\take2\render02562\raytrace\bunny\triangle.obj
c:\users\felix\desktop\skripten\erasmus2019\rendering\take2\render02562\raytrace\bunny\trimesh.obj
c:\users\felix\desktop\skripten\erasmus2019\rendering\take2\render02562\raytrace\bunny\texture.obj
c:\users\felix\desktop\skripten\erasmus2019\rendering\take2\render02562\raytrace\bunny\holdout.obj
c:\users\felix\desktop\skripten\erasmus2019\rendering\take2\render02562\raytrace\bunny\panoramictexture.obj
c:\users\felix\desktop\skripten\erasmus2019\rendering\take2\render02562\raytrace\bunny\particletracer.obj
c:\users\felix\desktop\skripten\erasmus2019\rendering\take2\render02562\raytrace\bunny\glossy.obj
c:\users\felix\desktop\skripten\erasmus2019\rendering\take2\render02562\raytrace\bunny\phong.obj
c:\users\felix\desktop\skripten\erasmus2019\rendering\take2\render02562\raytrace\bunny\volume.obj
c:\users\felix\desktop\skripten\erasmus2019\rendering\take2\render02562\raytrace\bunny\renderengine.obj
c:\users\felix\desktop\skripten\erasmus2019\rendering\take2\render02562\raytrace\bunny\accelerator.obj
c:\users\felix\desktop\skripten\erasmus2019\rendering\take2\render02562\raytrace\bunny\gamma.obj
c:\users\felix\desktop\skripten\erasmus2019\rendering\take2\render02562\raytrace\bunny\invspheremap.obj
c:\users\felix\desktop\skripten\erasmus2019\rendering\take2\render02562\raytrace\bunny\camera.obj
c:\users\felix\desktop\skripten\erasmus2019\rendering\take2\render02562\raytrace\bunny\merlshader.obj
c:\users\felix\desktop\skripten\erasmus2019\rendering\take2\render02562\raytrace\bunny\scene.obj
c:\users\felix\desktop\skripten\erasmus2019\rendering\take2\render02562\raytrace\bunny\glossyvolume.obj
c:\users\felix\desktop\skripten\erasmus2019\rendering\take2\render02562\raytrace\bunny\photoncaustics.obj
c:\users\felix\desktop\skripten\erasmus2019\rendering\take2\render02562\raytrace\bunny\arealight.obj
c:\users\felix\desktop\skripten\erasmus2019\rendering\take2\render02562\raytrace\bunny\string_utils.obj
c:\users\felix\desktop\skripten\erasmus2019\rendering\take2\render02562\raytrace\bunny\plane.obj
c:\users\felix\desktop\skripten\erasmus2019\rendering\take2\render02562\raytrace\bunny\bsptree.obj
c:\users\felix\desktop\skripten\erasmus2019\rendering\take2\render02562\raytrace\bunny\hdrtexture.obj
c:\users\felix\desktop\skripten\erasmus2019\rendering\take2\render02562\raytrace\bunny\raytrace.obj
c:\users\felix\desktop\skripten\erasmus2019\rendering\take2\render02562\raytrace\bunny\mcglossy.obj
c:\users\felix\desktop\skripten\erasmus2019\rendering\take2\render02562\raytrace\bunny\quattrackball.obj
c:\users\felix\desktop\skripten\erasmus2019\rendering\take2\render02562\raytrace\bunny\raycaster.obj
c:\users\felix\desktop\skripten\erasmus2019\rendering\take2\render02562\raytrace\bunny\mirror.obj
c:\users\felix\desktop\skripten\erasmus2019\rendering\take2\render02562\raytrace\bunny\transparent.obj
c:\users\felix\desktop\skripten\erasmus2019\rendering\take2\render02562\raytrace\bunny\pointlight.obj
c:\users\felix\desktop\skripten\erasmus2019\rendering\take2\render02562\raytrace\bunny\sphere.obj
c:\users\felix\desktop\skripten\erasmus2019\rendering\take2\render02562\raytrace\bunny\obj_load.obj
c:\users\felix\desktop\skripten\erasmus2019\rendering\take2\render02562\raytrace\bunny\spheretexture.obj
c:\users\felix\desktop\skripten\erasmus2019\rendering\take2\render02562\raytrace\bunny\vc142.pdb
c:\users\felix\desktop\skripten\erasmus2019\rendering\take2\render02562\raytrace\bunny\raytrace.tlog\cl.17292.write.1.tlog
c:\users\felix\desktop\skripten\erasmus2019\rendering\take2\render02562\raytrace\bunny\raytrace.tlog\cl.command.1.tlog
c:\users\felix\desktop\skripten\erasmus2019\rendering\take2\render02562\raytrace\bunny\raytrace.tlog\cl.read.1.tlog
